<?xml version="1.0" encoding="UTF-8"?>
<!-- Generated by org.testng.reporters.JUnitReportReporter -->
<testsuite hostname="DESKTOP-TN38OR6" failures="0" tests="1" name="core.Conditions" time="0.008" errors="0" timestamp="2021-06-19T22:12:45 IST" skipped="0">
  <testcase classname="core.Conditions" name="f" time="0.008"/>
  <system-out/>
</testsuite> <!-- core.Conditions -->
