<?xml version="1.0" encoding="UTF-8"?>
<!-- Generated by org.testng.reporters.JUnitReportReporter -->
<testsuite hostname="DESKTOP-TN38OR6" failures="0" tests="1" name="core.Ifelsedemo" time="6.373" errors="0" timestamp="2021-06-21T09:52:49 IST" skipped="0">
  <testcase classname="core.Ifelsedemo" name="f" time="6.373"/>
  <system-out/>
</testsuite> <!-- core.Ifelsedemo -->
