<?xml version="1.0" encoding="UTF-8"?>
<!-- Generated by org.testng.reporters.JUnitReportReporter -->
<testsuite hostname="DESKTOP-TN38OR6" failures="0" tests="3" name="core.NewTestng" time="0.013" errors="0" timestamp="2021-06-17T23:07:53 IST" skipped="0">
  <testcase classname="core.NewTestng" name="f" time="0.005"/>
  <system-out/>
  <testcase classname="core.NewTestng" name="focus1" time="0.003"/>
  <system-out/>
  <testcase classname="core.NewTestng" name="focus" time="0.005"/>
  <system-out/>
</testsuite> <!-- core.NewTestng -->
