<?xml version="1.0" encoding="UTF-8"?>
<!-- Generated by org.testng.reporters.JUnitReportReporter -->
<testsuite hostname="DESKTOP-TN38OR6" failures="0" tests="2" name="core.NewTest" time="9.970" errors="0" timestamp="2021-06-17T23:06:49 IST" skipped="1">
  <testcase classname="core.NewTest" name="Logindetails1" time="9.970"/>
  <system-out/>
  <testcase classname="core.NewTest" name="Logindetails">
    <skipped/>
  </testcase> <!-- Logindetails -->
  <system-out/>
</testsuite> <!-- core.NewTest -->
